android/app/build/outputs/mapping/release/seeds.txt
com.drewel.R
com.drewel.R$mipmap
com.drewel.R$style
com.drewel.MainActivity
com.drewel.R$drawable
com.drewel.MainActivity: MainActivity()
...
com.google.android.gms.common.server.response.FastJsonResponse$Field
androidx.core.app.AppOpsManagerCompat$Api29Impl
com.yalantis.ucrop.util.SelectedStateListDrawable
androidx.customview.widget.ViewDragHelper
io.flutter.plugins.urllauncher.WebViewActivity$FlutterWebChromeClient
kotlin.reflect.KMutableProperty$Setter
androidx.activity.result.ActivityResultCallerLauncher
com.google.android.gms.internal.maps.zzd
kotlinx.coroutines.channels.BroadcastChannelImpl$SubscriberConflated
androidx.core.database.CursorWindowCompat$Api28Impl
com.tekartik.sqflite.LocaleUtils
androidx.core.provider.FontRequestWorker
androidx.window.embedding.SplitController
androidx.lifecycle.ClassesInfoCache$CallbackInfo
com.google.android.play.core.splitinstall.zzax
com.google.android.gms.maps.model.zza
androidx.appcompat.view.menu.MenuHelper
com.google.android.gms.internal.common.zzc
com.google.android.play.core.common.LocalTestingException
io.flutter.plugins.urllauncher.Messages
io.flutter.plugins.imagepicker.Messages$ImagePickerApiCodec
com.google.android.gms.location.zzg
androidx.transition.ChangeClipBounds
io.flutter.embedding.engine.systemchannels.LocalizationChannel$1
androidx.browser.trusted.TrustedWebActivityService
kotlin.jvm.JvmStatic
androidx.appcompat.widget.AppCompatTextHelper$1
com.google.android.gms.actions.SearchIntents
com.google.android.gms.maps.internal.zzbx
androidx.lifecycle.Lifecycle$Event$Companion
androidx.core.view.accessibility.AccessibilityNodeProviderCompat
androidx.core.app.NotificationCompat$CallStyle$Api20Impl
androidx.appcompat.app.ToolbarActionBar$ActionMenuPresenterCallback
androidx.arch.core.R
androidx.core.app.ActivityCompat$OnRequestPermissionsResultCallback
androidx.window.layout.SidecarCompat
kotlinx.coroutines.Deferred
okhttp3.internal.platform.AndroidPlatform$AndroidTrustRootIndex
com.google.android.gms.internal.location.zzem
kotlin.jvm.JvmRecord
com.google.android.gms.maps.zzm
com.google.android.gms.common.internal.Objects
com.google.android.gms.internal.location.zzc
androidx.activity.result.contract.ActivityResultContracts$RequestMultiplePermissions
com.google.android.gms.maps.model.zzs
com.google.android.play.core.splitinstall.zzr
androidx.transition.Styleable$TransitionManager
com.google.android.gms.common.api.internal.zabr
io.flutter.embedding.android.KeyboardManager$1
io.flutter.plugins.googlemaps.R
kotlinx.coroutines.TimeoutKt
androidx.appcompat.widget.AppCompatRatingBar
androidx.core.app.unusedapprestrictions.IUnusedAppRestrictionsBackportCallback$Stub
kotlinx.coroutines.flow.StartedLazily
com.google.android.play.core.splitinstall.zzz
kotlinx.coroutines.flow.FlowKt__MergeKt$mapLatest$1
kotlinx.coroutines.debug.internal.DebugProbesImpl$dumpCoroutinesSynchronized$2
com.google.android.gms.common.moduleinstall.zae
com.google.android.play.core.internal.zzan
com.google.android.play.core.internal.zzam
kotlinx.coroutines.android.HandlerContext$scheduleResumeAfterDelay$1
androidx.datastore.preferences.core.MutablePreferences
kotlinx.coroutines.IncompleteStateBox
androidx.annotation.GravityInt
androidx.core.animation.AnimatorKt$doOnEnd$$inlined$addListener$default$1
com.google.android.gms.internal.location.zzco
com.google.android.gms.internal.location.zzby
androidx.datastore.preferences.protobuf.WireFormat$FieldType$1
androidx.datastore.preferences.protobuf.GeneratedMessageInfoFactory
androidx.activity.OnBackPressedDispatcher
androidx.core.util.SparseArrayKt$valueIterator$1
androidx.fragment.app.FragmentStateManager$2
androidx.appcompat.widget.Toolbar$SavedState$1
androidx.viewpager.R$id
androidx.transition.Slide$CalculateSlideHorizontal
kotlin.text.StringsKt___StringsJvmKt
com.google.android.gms.common.api.internal.TaskApiCall$Builder
androidx.fragment.app.FragmentController
io.flutter.embedding.engine.renderer.FlutterUiDisplayListener
kotlin.ranges.ULongProgression
com.google.android.gms.common.server.FavaDiagnosticsEntity
io.flutter.plugins.imagepicker.ExifDataCopier