android/app/build/outputs/mapping/release/mapping.txt
# compiler: R8
# compiler_version: 8.5.10
# min_api: 23
# common_typos_disable
# {"id":"com.android.tools.r8.mapping","version":"2.2"}
# pg_map_id: b6823ef
# pg_map_hash: SHA-256 b6823ef1b106eac006157a90b4311660f0c6c27d3363be6e8692dbf74616ff97
com.drewel.MainActivity -> com.drewel.MainActivity:
# {"id":"sourceFile","fileName":"MainActivity.kt"}
...
androidx.exifinterface.media.ExifInterfaceUtils -> androidx.exifinterface.media.ExifInterfaceUtils:
# {"id":"sourceFile","fileName":"ExifInterfaceUtils.java"}
    1:1:void closeFileDescriptor(java.io.FileDescriptor):0:0 -> a
    1:1:void closeQuietly(java.io.Closeable):0:0 -> b
    1:1:long[] convertToLongArray(java.lang.Object):0:0 -> c
    1:1:int copy(java.io.InputStream,java.io.OutputStream):0:0 -> d
    1:1:void copy(java.io.InputStream,java.io.OutputStream,int):0:0 -> e
    1:1:boolean startsWith(byte[],byte[]):0:0 -> f
androidx.exifinterface.media.ExifInterfaceUtils$Api21Impl -> androidx.exifinterface.media.ExifInterfaceUtils$Api21Impl:
# {"id":"sourceFile","fileName":"ExifInterfaceUtils.java"}
    1:1:void close(java.io.FileDescriptor):0:0 -> a
    1:1:java.io.FileDescriptor dup(java.io.FileDescriptor):0:0 -> b
    1:1:long lseek(java.io.FileDescriptor,long,int):0:0 -> c
androidx.exifinterface.media.ExifInterfaceUtils$Api23Impl -> androidx.exifinterface.media.ExifInterfaceUtils$Api23Impl:
# {"id":"sourceFile","fileName":"ExifInterfaceUtils.java"}
    1:1:void setDataSource(android.media.MediaMetadataRetriever,android.media.MediaDataSource):0:0 -> a
androidx.fragment.R$animator -> androidx.fragment.R$animator:
    int fragment_close_enter -> a
    int fragment_close_exit -> b
    int fragment_fade_enter -> c
    int fragment_fade_exit -> d
    int fragment_open_enter -> e
    int fragment_open_exit -> f
androidx.fragment.R$id -> androidx.fragment.R$id:
    int fragment_container_view_tag -> a
    int special_effects_controller_view_tag -> b
    int visible_removing_fragment_view_tag -> c
androidx.fragment.R$styleable -> androidx.fragment.R$styleable:
    int[] ColorStateListItem -> a
    int[] FontFamily -> b
    int[] FontFamilyFont -> c
    int[] Fragment -> d
    int Fragment_android_name -> e
    int Fragment_android_id -> f
    int Fragment_android_tag -> g
    int[] FragmentContainerView -> h
    int FragmentContainerView_android_name -> i
    int FragmentContainerView_android_tag -> j
    int[] GradientColor -> k
    int[] GradientColorItem -> l
androidx.fragment.app.BackStackRecord -> androidx.fragment.app.BackStackRecord:
# {"id":"sourceFile","fileName":"BackStackRecord.java"}
    androidx.fragment.app.FragmentManager mManager -> t
    boolean mCommitted -> u
    int mIndex -> v
    1:1:boolean interactsWith(java.util.ArrayList,int,int):0:0 -> A
    1:1:boolean isFragmentPostponed(androidx.fragment.app.FragmentTransaction$Op):0:0 -> B
    1:1:boolean isPostponed():0:0 -> C
    1:1:void runOnCommitRunnables():0:0 -> D
    1:1:void setOnStartPostponedListener(androidx.fragment.app.Fragment$OnStartEnterTransitionListener):0:0 -> E
    1:1:androidx.fragment.app.Fragment trackAddedFragmentsInPop(java.util.ArrayList,androidx.fragment.app.Fragment):0:0 -> F
    1:1:boolean generateOps(java.util.ArrayList,java.util.ArrayList):0:0 -> a
    1:1:int commit():0:0 -> h
    1:1:int commitAllowingStateLoss():0:0 -> i
    1:1:void commitNowAllowingStateLoss():0:0 -> j
    1:1:androidx.fragment.app.FragmentTransaction detach(androidx.fragment.app.Fragment):0:0 -> k
    1:1:void doAddOp(int,androidx.fragment.app.Fragment,java.lang.String,int):0:0 -> m
    1:1:boolean isEmpty():0:0 -> n
    1:1:androidx.fragment.app.FragmentTransaction remove(androidx.fragment.app.Fragment):0:0 -> o
    1:1:androidx.fragment.app.FragmentTransaction setMaxLifecycle(androidx.fragment.app.Fragment,androidx.lifecycle.Lifecycle$State):0:0 -> p
    1:1:void bumpBackStackNesting(int):0:0 -> r
    1:1:int commitInternal(boolean):0:0 -> s