android/app/build/outputs/mapping/release/usage.txt
com.drewel.R$drawable:
    public static int launch_background
    private void <init>()
com.drewel.R$mipmap:
    public static int ic_launcher
    private void <init>()
com.drewel.R$style:
    public static int LaunchTheme
    public static int NormalTheme
    private void <init>()
com.drewel.R:
    private void <init>()
...
kotlin.time.ComparableTimeMark$DefaultImpls:
    public static boolean hasNotPassedNow(kotlin.time.ComparableTimeMark)
    public static boolean hasPassedNow(kotlin.time.ComparableTimeMark)
    public static kotlin.time.ComparableTimeMark minus-LRDsOJo(kotlin.time.ComparableTimeMark,long)
kotlin.time.ComparableTimeMark:
    public abstract int compareTo(kotlin.time.ComparableTimeMark)
    public abstract boolean equals(java.lang.Object)
    public abstract int hashCode()
    public abstract kotlin.time.ComparableTimeMark minus-LRDsOJo(long)
    public abstract kotlin.time.ComparableTimeMark plus-LRDsOJo(long)
kotlin.time.Duration$Companion:
    public final double convert(double,kotlin.time.DurationUnit,kotlin.time.DurationUnit)
    public final synthetic long days-UwyO8pc(double)
    public final synthetic long days-UwyO8pc(int)
    public final synthetic long days-UwyO8pc(long)
    private final long getDays-UwyO8pc(double)
    private final long getDays-UwyO8pc(int)
    private final long getDays-UwyO8pc(long)
    public static synthetic void getDays-UwyO8pc$annotations(double)
    public static synthetic void getDays-UwyO8pc$annotations(int)
    public static synthetic void getDays-UwyO8pc$annotations(long)
    private final long getHours-UwyO8pc(double)
    private final long getHours-UwyO8pc(int)
    private final long getHours-UwyO8pc(long)
    public static synthetic void getHours-UwyO8pc$annotations(double)
    public static synthetic void getHours-UwyO8pc$annotations(int)
    public static synthetic void getHours-UwyO8pc$annotations(long)
    private final long getMicroseconds-UwyO8pc(double)
    private final long getMicroseconds-UwyO8pc(int)
    private final long getMicroseconds-UwyO8pc(long)
    public static synthetic void getMicroseconds-UwyO8pc$annotations(double)
    public static synthetic void getMicroseconds-UwyO8pc$annotations(int)
    public static synthetic void getMicroseconds-UwyO8pc$annotations(long)
    private final long getMilliseconds-UwyO8pc(double)
    private final long getMilliseconds-UwyO8pc(int)
kotlin.time.Duration:
    private synthetic void <init>(long)
    public static final synthetic kotlin.time.Duration box-impl(long)
    public static final double div-LRDsOJo(long,long)
    public static final long div-UwyO8pc(long,double)
    public static final long div-UwyO8pc(long,int)
    public static synthetic void getHoursComponent$annotations()
    public static synthetic void getInDays$annotations()
    public static final synthetic double getInDays-impl(long)
    public static synthetic void getInHours$annotations()
    public static final synthetic double getInHours-impl(long)
    public static synthetic void getInMicroseconds$annotations()
    public static final synthetic double getInMicroseconds-impl(long)
    public static synthetic void getInMilliseconds$annotations()
    public static final synthetic double getInMilliseconds-impl(long)
    public static synthetic void getInMinutes$annotations()
    public static final synthetic double getInMinutes-impl(long)
    public static synthetic void getInNanoseconds$annotations()
    public static final synthetic double getInNanoseconds-impl(long)
    public static synthetic void getInSeconds$annotations()
    public static final synthetic double getInSeconds-impl(long)
    public static final long getInWholeMicroseconds-impl(long)
    public static final long getInWholeNanoseconds-impl(long)
    public static synthetic void getMinutesComponent$annotations()
kotlin.time.DurationJvmKt:
    private static final java.text.DecimalFormat createFormatForDecimals(int)
    public static final java.lang.String formatToExactDecimals(double,int)